[2021-04-12 07:20:31,280]   INFO [id: MAIN_SERVER] - er.rest.APIController/rest-api - Listening for paths [/app/rest/2018.1, /app/rest, /app/rest/latest, /app/rest/ui, /api] in plugin 'rest-api'
[2021-04-12 07:20:31,284]   INFO [id: MAIN_SERVER] - est.APIController/rest-api-9.1 - Listening for paths [/app/rest/9.1] in plugin 'rest-api-9.1'
[2021-04-12 07:20:31,285]   INFO [id: MAIN_SERVER] - rver.server.rest.APIController - Listening for paths [/app/rest/8.0, /app/rest/8.1] in plugin 'rest-api-8.1'
[2021-04-12 07:20:31,288]   INFO [id: MAIN_SERVER] - est.APIController/rest-api-9.0 - Listening for paths [/app/rest/9.0] in plugin 'rest-api-9.0'
[2021-04-12 07:20:31,289]   INFO [id: MAIN_SERVER] - .APIController/rest-api-2017.2 - Listening for paths [/app/rest/2017.2] in plugin 'rest-api-2017.2'
[2021-04-12 07:20:31,289]   INFO [id: MAIN_SERVER] - .APIController/rest-api-2017.1 - Listening for paths [/app/rest/2017.1, /app/rest/10.0] in plugin 'rest-api-2017.1'
[2021-04-12 07:20:31,393]   INFO [in 'rest-api' 1] - nsAwareResourceConfig/rest-api - Packages registered by rest extensions: [jetbrains.buildServer.compare, jetbrains.buildServer.server.restcontrib]
[2021-04-12 07:20:32,384]   INFO [in 'rest-api' 1] - nsAwareResourceConfig/rest-api - Root resource classes found:
  class jetbrains.buildServer.server.rest.request.VcsRootRequest
  class jetbrains.buildServer.server.rest.request.ProblemOccurrenceRequest
  class jetbrains.buildServer.server.rest.request.AuditRequest
  class jetbrains.buildServer.server.rest.request.FederationRequest
  class jetbrains.buildServer.server.rest.request.BuildRequest
  class jetbrains.buildServer.server.rest.request.ServerRequest
  class jetbrains.buildServer.server.rest.swagger.SwaggerResource
  class jetbrains.buildServer.server.rest.request.RootApiRequest
  class jetbrains.buildServer.server.rest.request.ProblemRequest
  class jetbrains.buildServer.server.rest.request.DebugRequest
  class jetbrains.buildServer.server.rest.request.HealthRequest
  class jetbrains.buildServer.server.rest.request.ProjectRequest
  class jetbrains.buildServer.server.restcontrib.cctray.request.CCTrayRequest
  class jetbrains.buildServer.server.rest.request.TestRequest
  class jetbrains.buildServer.server.rest.request.BuildTypeRequest
  class jetbrains.buildServer.server.rest.request.BuildQueueRequest
  class jetbrains.buildServer.server.rest.request.GroupRequest
  class jetbrains.buildServer.server.rest.request.InvestigationRequest
  class jetbrains.buildServer.server.rest.request.CloudRequest
  class jetbrains.buildServer.server.rest.request.UserRequest
  class jetbrains.buildServer.server.rest.request.MuteRequest
  class jetbrains.buildServer.server.rest.request.VcsRootInstanceRequest
  class jetbrains.buildServer.server.rest.swagger.SwaggerUI
  class jetbrains.buildServer.server.rest.request.AgentRequest
  class jetbrains.buildServer.server.rest.request.TestOccurrenceRequest
  class jetbrains.buildServer.server.rest.request.AgentPoolRequest
  class jetbrains.buildServer.server.rest.request.ChangeRequest
  class jetbrains.buildServer.compare.rest.BuildsCompareEndpoint
[2021-04-12 07:20:32,384]   INFO [in 'rest-api' 1] - nsAwareResourceConfig/rest-api - Provider classes found:
  class jetbrains.buildServer.server.rest.swagger.SwaggerReaderConfigProvider
  class jetbrains.buildServer.server.rest.swagger.SwaggerConfigProvider
  class jetbrains.buildServer.server.rest.swagger.SwaggerSerializers
[2021-04-12 07:20:32,390]   INFO [in 'rest-api' 1] - nsAwareResourceConfig/rest-api - Locator classes found:
  class jetbrains.buildServer.server.rest.data.VcsRootInstanceFinder
  class jetbrains.buildServer.server.rest.data.investigations.InvestigationFinder
  class jetbrains.buildServer.server.rest.data.mutes.MuteFinder
  class jetbrains.buildServer.server.rest.data.AgentFinder
  class jetbrains.buildServer.server.rest.data.BuildPromotionFinder
  class jetbrains.buildServer.server.rest.data.build.TagFinder
  class jetbrains.buildServer.server.rest.data.problem.TestFinder
  class jetbrains.buildServer.server.rest.data.AgentPoolFinder
  class jetbrains.buildServer.server.rest.data.problem.ProblemOccurrenceFinder
  class jetbrains.buildServer.server.rest.data.QueuedBuildFinder
  class jetbrains.buildServer.server.rest.data.ProjectFinder
  class jetbrains.buildServer.server.rest.data.AuditEventFinder
  class jetbrains.buildServer.server.rest.data.VcsRootFinder
  class jetbrains.buildServer.server.rest.data.UserGroupFinder
  class jetbrains.buildServer.server.rest.data.BranchFinder
  class jetbrains.buildServer.server.rest.data.BuildTypeFinder
  class jetbrains.buildServer.server.rest.data.UserFinder
  class jetbrains.buildServer.server.rest.data.problem.TestOccurrenceFinder
  class jetbrains.buildServer.server.rest.data.ChangeFinder
  class jetbrains.buildServer.server.rest.data.problem.ProblemFinder
[2021-04-12 09:25:41,079]   INFO [id: MAIN_SERVER] - .APIController/rest-api-2017.1 - Listening for paths [/app/rest/2017.1, /app/rest/10.0] in plugin 'rest-api-2017.1'
[2021-04-12 09:25:41,093]   INFO [id: MAIN_SERVER] - .APIController/rest-api-2017.2 - Listening for paths [/app/rest/2017.2] in plugin 'rest-api-2017.2'
[2021-04-12 09:25:41,093]   INFO [id: MAIN_SERVER] - est.APIController/rest-api-9.1 - Listening for paths [/app/rest/9.1] in plugin 'rest-api-9.1'
[2021-04-12 09:25:41,096]   INFO [id: MAIN_SERVER] - er.rest.APIController/rest-api - Listening for paths [/app/rest/2018.1, /app/rest, /app/rest/latest, /app/rest/ui, /api] in plugin 'rest-api'
[2021-04-12 09:25:41,098]   INFO [id: MAIN_SERVER] - rver.server.rest.APIController - Listening for paths [/app/rest/8.0, /app/rest/8.1] in plugin 'rest-api-8.1'
[2021-04-12 09:25:41,099]   INFO [id: MAIN_SERVER] - est.APIController/rest-api-9.0 - Listening for paths [/app/rest/9.0] in plugin 'rest-api-9.0'
[2021-04-12 09:25:41,264]   INFO [in 'rest-api' 1] - nsAwareResourceConfig/rest-api - Packages registered by rest extensions: [jetbrains.buildServer.compare, jetbrains.buildServer.server.restcontrib]
[2021-04-12 09:25:42,587]   INFO [in 'rest-api' 1] - nsAwareResourceConfig/rest-api - Root resource classes found:
  class jetbrains.buildServer.server.rest.request.VcsRootRequest
  class jetbrains.buildServer.server.rest.request.RootApiRequest
  class jetbrains.buildServer.server.rest.request.BuildTypeRequest
  class jetbrains.buildServer.server.rest.request.DebugRequest
  class jetbrains.buildServer.server.rest.request.ProblemRequest
  class jetbrains.buildServer.server.rest.request.MuteRequest
  class jetbrains.buildServer.server.rest.request.HealthRequest
  class jetbrains.buildServer.server.rest.request.CloudRequest
  class jetbrains.buildServer.server.rest.request.AgentRequest
  class jetbrains.buildServer.server.rest.request.AuditRequest
  class jetbrains.buildServer.server.rest.request.InvestigationRequest
  class jetbrains.buildServer.compare.rest.BuildsCompareEndpoint
  class jetbrains.buildServer.server.rest.swagger.SwaggerUI
  class jetbrains.buildServer.server.rest.request.ChangeRequest
  class jetbrains.buildServer.server.rest.request.TestRequest
  class jetbrains.buildServer.server.rest.request.ServerRequest
  class jetbrains.buildServer.server.rest.request.ProblemOccurrenceRequest
  class jetbrains.buildServer.server.rest.request.BuildQueueRequest
  class jetbrains.buildServer.server.rest.request.BuildRequest
  class jetbrains.buildServer.server.rest.request.GroupRequest
  class jetbrains.buildServer.server.rest.request.AgentPoolRequest
  class jetbrains.buildServer.server.rest.request.TestOccurrenceRequest
  class jetbrains.buildServer.server.rest.request.ProjectRequest
  class jetbrains.buildServer.server.rest.request.UserRequest
  class jetbrains.buildServer.server.rest.request.VcsRootInstanceRequest
  class jetbrains.buildServer.server.rest.swagger.SwaggerResource
  class jetbrains.buildServer.server.restcontrib.cctray.request.CCTrayRequest
  class jetbrains.buildServer.server.rest.request.FederationRequest
[2021-04-12 09:25:42,587]   INFO [in 'rest-api' 1] - nsAwareResourceConfig/rest-api - Provider classes found:
  class jetbrains.buildServer.server.rest.swagger.SwaggerConfigProvider
  class jetbrains.buildServer.server.rest.swagger.SwaggerSerializers
  class jetbrains.buildServer.server.rest.swagger.SwaggerReaderConfigProvider
[2021-04-12 09:25:42,588]   INFO [in 'rest-api' 1] - nsAwareResourceConfig/rest-api - Locator classes found:
  class jetbrains.buildServer.server.rest.data.VcsRootFinder
  class jetbrains.buildServer.server.rest.data.UserGroupFinder
  class jetbrains.buildServer.server.rest.data.problem.TestOccurrenceFinder
  class jetbrains.buildServer.server.rest.data.mutes.MuteFinder
  class jetbrains.buildServer.server.rest.data.problem.ProblemFinder
  class jetbrains.buildServer.server.rest.data.QueuedBuildFinder
  class jetbrains.buildServer.server.rest.data.ChangeFinder
  class jetbrains.buildServer.server.rest.data.BranchFinder
  class jetbrains.buildServer.server.rest.data.build.TagFinder
  class jetbrains.buildServer.server.rest.data.problem.ProblemOccurrenceFinder
  class jetbrains.buildServer.server.rest.data.VcsRootInstanceFinder
  class jetbrains.buildServer.server.rest.data.AgentPoolFinder
  class jetbrains.buildServer.server.rest.data.AuditEventFinder
  class jetbrains.buildServer.server.rest.data.problem.TestFinder
  class jetbrains.buildServer.server.rest.data.BuildPromotionFinder
  class jetbrains.buildServer.server.rest.data.BuildTypeFinder
  class jetbrains.buildServer.server.rest.data.UserFinder
  class jetbrains.buildServer.server.rest.data.ProjectFinder
  class jetbrains.buildServer.server.rest.data.AgentFinder
  class jetbrains.buildServer.server.rest.data.investigations.InvestigationFinder
